Command line:
   SingleCycleProcessor_tb_isim_beh.exe
     -simmode  gui
     -simrunnum  0
     -socket  49210

Fri Aug 21 19:11:25 2020


 Elaboration Time: 0.09013 sec

 Current Memory Usage: 661.541 Meg

 Total Signals          : 94
 Total Nets             : 2778
 Total Signal Drivers   : 44
 Total Blocks           : 13
 Total Primitive Blocks : 10
 Total Processes        : 44
 Total Traceable Variables  : 23
 Total Scalar Nets and Variables : 4340
Total Line Count : 87

 Total Simulation Time: 0.170245 sec

 Current Memory Usage: 662.589 Meg

Fri Aug 21 19:32:35 2020

