Command line:
   SingleCycleProcessor_isim_beh.exe
     -simmode  gui
     -simrunnum  0
     -socket  49183

Fri Aug 21 14:58:49 2020


 Elaboration Time: 0.080115 sec

 Current Memory Usage: 661.275 Meg

 Total Signals          : 85
 Total Nets             : 2746
 Total Signal Drivers   : 40
 Total Blocks           : 12
 Total Primitive Blocks : 10
 Total Processes        : 37
 Total Traceable Variables  : 22
 Total Scalar Nets and Variables : 3795
Total Line Count : 83

 Total Simulation Time: 0.550792 sec

 Current Memory Usage: 661.275 Meg

Fri Aug 21 14:59:05 2020

