Release 14.7 - xst P.20131013 (nt)
Copyright (c) 1995-2013 Xilinx, Inc.  All rights reserved.
--> Parameter TMPDIR set to xst/projnav.tmp


Total REAL time to Xst completion: 0.00 secs
Total CPU time to Xst completion: 0.27 secs
 
--> Parameter xsthdpdir set to xst


Total REAL time to Xst completion: 0.00 secs
Total CPU time to Xst completion: 0.27 secs
 
--> Reading design: SingleCycleProcessor.prj

TABLE OF CONTENTS
  1) Synthesis Options Summary
  2) HDL Parsing
  3) HDL Elaboration
  4) HDL Synthesis
       4.1) HDL Synthesis Report
  5) Advanced HDL Synthesis
       5.1) Advanced HDL Synthesis Report
  6) Low Level Synthesis
  7) Partition Report
  8) Design Summary
       8.1) Primitive and Black Box Usage
       8.2) Device utilization summary
       8.3) Partition Resource Summary
       8.4) Timing Report
            8.4.1) Clock Information
            8.4.2) Asynchronous Control Signals Information
            8.4.3) Timing Summary
            8.4.4) Timing Details
            8.4.5) Cross Clock Domains Report


=========================================================================
*                      Synthesis Options Summary                        *
=========================================================================
---- Source Parameters
Input File Name                    : "SingleCycleProcessor.prj"
Ignore Synthesis Constraint File   : NO

---- Target Parameters
Output File Name                   : "SingleCycleProcessor"
Output Format                      : NGC
Target Device                      : xc7a100t-3-csg324

---- Source Options
Top Module Name                    : SingleCycleProcessor
Automatic FSM Extraction           : YES
FSM Encoding Algorithm             : Auto
Safe Implementation                : No
FSM Style                          : LUT
RAM Extraction                     : Yes
RAM Style                          : Auto
ROM Extraction                     : Yes
Shift Register Extraction          : YES
ROM Style                          : Auto
Resource Sharing                   : YES
Asynchronous To Synchronous        : NO
Shift Register Minimum Size        : 2
Use DSP Block                      : Auto
Automatic Register Balancing       : No

---- Target Options
LUT Combining                      : Auto
Reduce Control Sets                : Auto
Add IO Buffers                     : YES
Global Maximum Fanout              : 100000
Add Generic Clock Buffer(BUFG)     : 32
Register Duplication               : YES
Optimize Instantiated Primitives   : NO
Use Clock Enable                   : Auto
Use Synchronous Set                : Auto
Use Synchronous Reset              : Auto
Pack IO Registers into IOBs        : Auto
Equivalent register Removal        : YES

---- General Options
Optimization Goal                  : Speed
Optimization Effort                : 1
Power Reduction                    : NO
Keep Hierarchy                     : No
Netlist Hierarchy                  : As_Optimized
RTL Output                         : Yes
Global Optimization                : AllClockNets
Read Cores                         : YES
Write Timing Constraints           : NO
Cross Clock Analysis               : NO
Hierarchy Separator                : /
Bus Delimiter                      : <>
Case Specifier                     : Maintain
Slice Utilization Ratio            : 100
BRAM Utilization Ratio             : 100
DSP48 Utilization Ratio            : 100
Auto BRAM Packing                  : NO
Slice Utilization Ratio Delta      : 5

=========================================================================


=========================================================================
*                          HDL Parsing                                  *
=========================================================================
Parsing VHDL file "\\vboxsvr\machomed\ise\SingleCycleProcessor\MainDecoder.vhd" into library work
Parsing entity <MainDecoder>.
Parsing architecture <Behavioral> of entity <maindecoder>.
Parsing VHDL file "\\vboxsvr\machomed\ise\SingleCycleProcessor\ALUDecoder.vhd" into library work
Parsing entity <ALUDecoder>.
Parsing architecture <Behavioral> of entity <aludecoder>.
Parsing VHDL file "\\vboxsvr\machomed\ise\SingleCycleProcessor\RegisterFile.vhd" into library work
Parsing entity <RegisterFile>.
Parsing architecture <Behavioral> of entity <registerfile>.
Parsing VHDL file "\\vboxsvr\machomed\ise\SingleCycleProcessor\InstructionMemory.vhd" into library work
Parsing entity <InstructionMemory>.
Parsing architecture <Behavioral> of entity <instructionmemory>.
Parsing VHDL file "\\vboxsvr\machomed\ise\SingleCycleProcessor\DataMemory.vhd" into library work
Parsing entity <DataMemory>.
Parsing architecture <Behavioral> of entity <datamemory>.
Parsing VHDL file "\\vboxsvr\machomed\ise\SingleCycleProcessor\ControlUnit.vhd" into library work
Parsing entity <ControlUnit>.
Parsing architecture <Behavioral> of entity <controlunit>.
Parsing VHDL file "\\vboxsvr\machomed\ise\SingleCycleProcessor\ALU.vhd" into library work
Parsing entity <ALU>.
Parsing architecture <Behavioral> of entity <alu>.
Parsing VHDL file "\\vboxsvr\machomed\ise\SingleCycleProcessor\SingleCycleProcessor.vhd" into library work
Parsing entity <SingleCycleProcessor>.
Parsing architecture <Behavioral> of entity <singlecycleprocessor>.

=========================================================================
*                            HDL Elaboration                            *
=========================================================================

Elaborating entity <SingleCycleProcessor> (architecture <Behavioral>) from library <work>.

Elaborating entity <InstructionMemory> (architecture <Behavioral>) from library <work>.

Elaborating entity <RegisterFile> (architecture <Behavioral>) from library <work>.

Elaborating entity <DataMemory> (architecture <Behavioral>) from library <work>.

Elaborating entity <ControlUnit> (architecture <Behavioral>) from library <work>.

Elaborating entity <MainDecoder> (architecture <Behavioral>) from library <work>.

Elaborating entity <ALUDecoder> (architecture <Behavioral>) from library <work>.

Elaborating entity <ALU> (architecture <Behavioral>) from library <work>.
INFO:HDLCompiler:679 - "\\vboxsvr\machomed\ise\SingleCycleProcessor\ALU.vhd" Line 66. Case statement is complete. others clause is never selected

=========================================================================
*                           HDL Synthesis                               *
=========================================================================

Synthesizing Unit <SingleCycleProcessor>.
    Related source file is "\\vboxsvr\machomed\ise\SingleCycleProcessor\SingleCycleProcessor.vhd".
    Found 32-bit register for signal <pc_out>.
    Found 32-bit adder for signal <PCPlus1> created at line 120.
    Found 32-bit adder for signal <PCBranch> created at line 131.
    Summary:
	inferred   2 Adder/Subtractor(s).
	inferred  32 D-type flip-flop(s).
	inferred   5 Multiplexer(s).
Unit <SingleCycleProcessor> synthesized.

Synthesizing Unit <InstructionMemory>.
    Related source file is "\\vboxsvr\machomed\ise\SingleCycleProcessor\InstructionMemory.vhd".
WARNING:Xst:647 - Input <a<31:5>> is never used. This port will be preserved and left unconnected if it belongs to a top-level block or it belongs to a sub-block and the hierarchy of this sub-block is preserved.
    Found 32x32-bit Read Only RAM for signal <rd>
    Summary:
	inferred   1 RAM(s).
Unit <InstructionMemory> synthesized.

Synthesizing Unit <RegisterFile>.
    Related source file is "\\vboxsvr\machomed\ise\SingleCycleProcessor\RegisterFile.vhd".
    Found 32x32-bit dual-port RAM <Mram_gp_reg> for signal <gp_reg>.
    Summary:
	inferred   2 RAM(s).
	inferred   2 Multiplexer(s).
Unit <RegisterFile> synthesized.

Synthesizing Unit <DataMemory>.
    Related source file is "\\vboxsvr\machomed\ise\SingleCycleProcessor\DataMemory.vhd".
WARNING:Xst:647 - Input <a<31:5>> is never used. This port will be preserved and left unconnected if it belongs to a top-level block or it belongs to a sub-block and the hierarchy of this sub-block is preserved.
    Found 32x32-bit single-port RAM <Mram_gp_reg> for signal <gp_reg>.
    Summary:
	inferred   1 RAM(s).
Unit <DataMemory> synthesized.

Synthesizing Unit <ControlUnit>.
    Related source file is "\\vboxsvr\machomed\ise\SingleCycleProcessor\ControlUnit.vhd".
    Summary:
	no macro.
Unit <ControlUnit> synthesized.

Synthesizing Unit <MainDecoder>.
    Related source file is "\\vboxsvr\machomed\ise\SingleCycleProcessor\MainDecoder.vhd".
    Summary:
	no macro.
Unit <MainDecoder> synthesized.

Synthesizing Unit <ALUDecoder>.
    Related source file is "\\vboxsvr\machomed\ise\SingleCycleProcessor\ALUDecoder.vhd".
    Summary:
	inferred   3 Multiplexer(s).
Unit <ALUDecoder> synthesized.

Synthesizing Unit <ALU>.
    Related source file is "\\vboxsvr\machomed\ise\SingleCycleProcessor\ALU.vhd".
    Found 32-bit adder for signal <n0025> created at line 50.
    Found 32-bit adder for signal <S> created at line 50.
    Found 32-bit 4-to-1 multiplexer for signal <result> created at line 57.
    Summary:
	inferred   2 Adder/Subtractor(s).
	inferred   2 Multiplexer(s).
Unit <ALU> synthesized.

=========================================================================
HDL Synthesis Report

Macro Statistics
# RAMs                                                 : 4
 32x32-bit dual-port RAM                               : 2
 32x32-bit single-port RAM                             : 1
 32x32-bit single-port Read Only RAM                   : 1
# Adders/Subtractors                                   : 4
 32-bit adder                                          : 4
# Registers                                            : 1
 32-bit register                                       : 1
# Multiplexers                                         : 12
 3-bit 2-to-1 multiplexer                              : 3
 32-bit 2-to-1 multiplexer                             : 7
 32-bit 4-to-1 multiplexer                             : 1
 5-bit 2-to-1 multiplexer                              : 1

=========================================================================

=========================================================================
*                       Advanced HDL Synthesis                          *
=========================================================================


Synthesizing (advanced) Unit <DataMemory>.
INFO:Xst:3218 - HDL ADVISOR - The RAM <Mram_gp_reg> will be implemented on LUTs either because you have described an asynchronous read or because of currently unsupported block RAM features. If you have described an asynchronous read, making it synchronous would allow you to take advantage of available block RAM resources, for optimized device usage and improved timings. Please refer to your documentation for coding guidelines.
    -----------------------------------------------------------------------
    | ram_type           | Distributed                         |          |
    -----------------------------------------------------------------------
    | Port A                                                              |
    |     aspect ratio   | 32-word x 32-bit                    |          |
    |     clkA           | connected to signal <clk>           | rise     |
    |     weA            | connected to signal <we>            | high     |
    |     addrA          | connected to signal <a>             |          |
    |     diA            | connected to signal <wd>            |          |
    |     doA            | connected to internal node          |          |
    -----------------------------------------------------------------------
Unit <DataMemory> synthesized (advanced).

Synthesizing (advanced) Unit <InstructionMemory>.
INFO:Xst:3218 - HDL ADVISOR - The RAM <Mram_rd> will be implemented on LUTs either because you have described an asynchronous read or because of currently unsupported block RAM features. If you have described an asynchronous read, making it synchronous would allow you to take advantage of available block RAM resources, for optimized device usage and improved timings. Please refer to your documentation for coding guidelines.
    -----------------------------------------------------------------------
    | ram_type           | Distributed                         |          |
    -----------------------------------------------------------------------
    | Port A                                                              |
    |     aspect ratio   | 32-word x 32-bit                    |          |
    |     weA            | connected to signal <GND>           | high     |
    |     addrA          | connected to signal <a>             |          |
    |     diA            | connected to signal <GND>           |          |
    |     doA            | connected to signal <rd>            |          |
    -----------------------------------------------------------------------
Unit <InstructionMemory> synthesized (advanced).

Synthesizing (advanced) Unit <RegisterFile>.
INFO:Xst:3218 - HDL ADVISOR - The RAM <Mram_gp_reg> will be implemented on LUTs either because you have described an asynchronous read or because of currently unsupported block RAM features. If you have described an asynchronous read, making it synchronous would allow you to take advantage of available block RAM resources, for optimized device usage and improved timings. Please refer to your documentation for coding guidelines.
    -----------------------------------------------------------------------
    | ram_type           | Distributed                         |          |
    -----------------------------------------------------------------------
    | Port A                                                              |
    |     aspect ratio   | 32-word x 32-bit                    |          |
    |     clkA           | connected to signal <clk>           | rise     |
    |     weA            | connected to signal <we3>           | high     |
    |     addrA          | connected to signal <a3>            |          |
    |     diA            | connected to signal <wd3>           |          |
    -----------------------------------------------------------------------
    | Port B                                                              |
    |     aspect ratio   | 32-word x 32-bit                    |          |
    |     addrB          | connected to signal <a1>            |          |
    |     doB            | connected to internal node          |          |
    -----------------------------------------------------------------------
INFO:Xst:3218 - HDL ADVISOR - The RAM <Mram_gp_reg1> will be implemented on LUTs either because you have described an asynchronous read or because of currently unsupported block RAM features. If you have described an asynchronous read, making it synchronous would allow you to take advantage of available block RAM resources, for optimized device usage and improved timings. Please refer to your documentation for coding guidelines.
    -----------------------------------------------------------------------
    | ram_type           | Distributed                         |          |
    -----------------------------------------------------------------------
    | Port A                                                              |
    |     aspect ratio   | 32-word x 32-bit                    |          |
    |     clkA           | connected to signal <clk>           | rise     |
    |     weA            | connected to signal <we3>           | high     |
    |     addrA          | connected to signal <a3>            |          |
    |     diA            | connected to signal <wd3>           |          |
    -----------------------------------------------------------------------
    | Port B                                                              |
    |     aspect ratio   | 32-word x 32-bit                    |          |
    |     addrB          | connected to signal <a2>            |          |
    |     doB            | connected to internal node          |          |
    -----------------------------------------------------------------------
Unit <RegisterFile> synthesized (advanced).

=========================================================================
Advanced HDL Synthesis Report

Macro Statistics
# RAMs                                                 : 4
 32x32-bit dual-port distributed RAM                   : 2
 32x32-bit single-port distributed RAM                 : 1
 32x32-bit single-port distributed Read Only RAM       : 1
# Adders/Subtractors                                   : 3
 32-bit adder                                          : 2
 32-bit adder carry in                                 : 1
# Registers                                            : 32
 Flip-Flops                                            : 32
# Multiplexers                                         : 12
 3-bit 2-to-1 multiplexer                              : 3
 32-bit 2-to-1 multiplexer                             : 7
 32-bit 4-to-1 multiplexer                             : 1
 5-bit 2-to-1 multiplexer                              : 1

=========================================================================

=========================================================================
*                         Low Level Synthesis                           *
=========================================================================

Optimizing unit <SingleCycleProcessor> ...

Optimizing unit <ALU> ...

Mapping all equations...
Building and optimizing final netlist ...
Found area constraint ratio of 100 (+ 5) on block SingleCycleProcessor, actual ratio is 0.
FlipFlop PC_4 has been replicated 1 time(s)

Final Macro Processing ...

=========================================================================
Final Register Report

Macro Statistics
# Registers                                            : 33
 Flip-Flops                                            : 33

=========================================================================

=========================================================================
*                           Partition Report                            *
=========================================================================

Partition Implementation Status
-------------------------------

  No Partitions were found in this design.

-------------------------------

=========================================================================
*                            Design Summary                             *
=========================================================================

Top Level Output File Name         : SingleCycleProcessor.ngc

Primitive and Black Box Usage:
------------------------------
# BELS                             : 542
#      GND                         : 1
#      INV                         : 1
#      LUT1                        : 31
#      LUT3                        : 1
#      LUT4                        : 29
#      LUT5                        : 69
#      LUT6                        : 220
#      MUXCY                       : 93
#      VCC                         : 1
#      XORCY                       : 96
# FlipFlops/Latches                : 33
#      FDC                         : 33
# RAMS                             : 46
#      RAM32M                      : 10
#      RAM32X1D                    : 4
#      RAM32X1S                    : 32
# Clock Buffers                    : 1
#      BUFGP                       : 1
# IO Buffers                       : 166
#      IBUF                        : 1
#      OBUF                        : 165

Device utilization summary:
---------------------------

Selected Device : 7a100tcsg324-3 


Slice Logic Utilization: 
 Number of Slice Registers:              33  out of  126800     0%  
 Number of Slice LUTs:                  431  out of  63400     0%  
    Number used as Logic:               351  out of  63400     0%  
    Number used as Memory:               80  out of  19000     0%  
       Number used as RAM:               80

Slice Logic Distribution: 
 Number of LUT Flip Flop pairs used:    432
   Number with an unused Flip Flop:     399  out of    432    92%  
   Number with an unused LUT:             1  out of    432     0%  
   Number of fully used LUT-FF pairs:    32  out of    432     7%  
   Number of unique control sets:         1

IO Utilization: 
 Number of IOs:                         167
 Number of bonded IOBs:                 167  out of    210    79%  

Specific Feature Utilization:
 Number of BUFG/BUFGCTRLs:                1  out of     32     3%  

---------------------------
Partition Resource Summary:
---------------------------

  No Partitions were found in this design.

---------------------------


=========================================================================
Timing Report

NOTE: THESE TIMING NUMBERS ARE ONLY A SYNTHESIS ESTIMATE.
      FOR ACCURATE TIMING INFORMATION PLEASE REFER TO THE TRACE REPORT
      GENERATED AFTER PLACE-and-ROUTE.

Clock Information:
------------------
-----------------------------------+------------------------+-------+
Clock Signal                       | Clock buffer(FF name)  | Load  |
-----------------------------------+------------------------+-------+
clk                                | BUFGP                  | 79    |
-----------------------------------+------------------------+-------+

Asynchronous Control Signals Information:
----------------------------------------
No asynchronous control signals found in this design

Timing Summary:
---------------
Speed Grade: -3

   Minimum period: 5.828ns (Maximum Frequency: 171.595MHz)
   Minimum input arrival time before clock: 0.736ns
   Maximum output required time after clock: 5.457ns
   Maximum combinational path delay: No path found

Timing Details:
---------------
All values displayed in nanoseconds (ns)

=========================================================================
Timing constraint: Default period analysis for Clock 'clk'
  Clock period: 5.828ns (frequency: 171.595MHz)
  Total number of paths / destination ports: 1866434 / 417
-------------------------------------------------------------------------
Delay:               5.828ns (Levels of Logic = 37)
  Source:            PC_4_1 (FF)
  Destination:       PC_0 (FF)
  Source Clock:      clk rising
  Destination Clock: clk rising

  Data Path: PC_4_1 to PC_0
                                Gate     Net
    Cell:in->out      fanout   Delay   Delay  Logical Name (Net Name)
    ----------------------------------------  ------------
     FDC:C->Q              3   0.361   0.693  PC_4_1 (PC_4_1)
     LUT5:I0->O           19   0.097   0.363  instruction_memory/Mram_rd211 (instr_out_21_OBUF)
     RAM32M:ADDRA0->DOA0    2   0.299   0.299  register_file/Mram_gp_reg1 (register_file/a1[4]_read_port_1_OUT<0>)
     LUT6:I5->O            1   0.097   0.279  register_file/Mmux_rd111 (SrcA<0>)
     MUXCY:DI->O           1   0.337   0.000  ualu/Madd_S_Madd_cy<0> (ualu/Madd_S_Madd_cy<0>)
     MUXCY:CI->O           1   0.023   0.000  ualu/Madd_S_Madd_cy<1> (ualu/Madd_S_Madd_cy<1>)
     MUXCY:CI->O           1   0.023   0.000  ualu/Madd_S_Madd_cy<2> (ualu/Madd_S_Madd_cy<2>)
     MUXCY:CI->O           1   0.023   0.000  ualu/Madd_S_Madd_cy<3> (ualu/Madd_S_Madd_cy<3>)
     MUXCY:CI->O           1   0.023   0.000  ualu/Madd_S_Madd_cy<4> (ualu/Madd_S_Madd_cy<4>)
     MUXCY:CI->O           1   0.023   0.000  ualu/Madd_S_Madd_cy<5> (ualu/Madd_S_Madd_cy<5>)
     MUXCY:CI->O           1   0.023   0.000  ualu/Madd_S_Madd_cy<6> (ualu/Madd_S_Madd_cy<6>)
     MUXCY:CI->O           1   0.023   0.000  ualu/Madd_S_Madd_cy<7> (ualu/Madd_S_Madd_cy<7>)
     MUXCY:CI->O           1   0.023   0.000  ualu/Madd_S_Madd_cy<8> (ualu/Madd_S_Madd_cy<8>)
     MUXCY:CI->O           1   0.023   0.000  ualu/Madd_S_Madd_cy<9> (ualu/Madd_S_Madd_cy<9>)
     MUXCY:CI->O           1   0.023   0.000  ualu/Madd_S_Madd_cy<10> (ualu/Madd_S_Madd_cy<10>)
     MUXCY:CI->O           1   0.023   0.000  ualu/Madd_S_Madd_cy<11> (ualu/Madd_S_Madd_cy<11>)
     MUXCY:CI->O           1   0.023   0.000  ualu/Madd_S_Madd_cy<12> (ualu/Madd_S_Madd_cy<12>)
     MUXCY:CI->O           1   0.023   0.000  ualu/Madd_S_Madd_cy<13> (ualu/Madd_S_Madd_cy<13>)
     MUXCY:CI->O           1   0.023   0.000  ualu/Madd_S_Madd_cy<14> (ualu/Madd_S_Madd_cy<14>)
     MUXCY:CI->O           1   0.023   0.000  ualu/Madd_S_Madd_cy<15> (ualu/Madd_S_Madd_cy<15>)
     MUXCY:CI->O           1   0.023   0.000  ualu/Madd_S_Madd_cy<16> (ualu/Madd_S_Madd_cy<16>)
     MUXCY:CI->O           1   0.023   0.000  ualu/Madd_S_Madd_cy<17> (ualu/Madd_S_Madd_cy<17>)
     MUXCY:CI->O           1   0.023   0.000  ualu/Madd_S_Madd_cy<18> (ualu/Madd_S_Madd_cy<18>)
     MUXCY:CI->O           1   0.023   0.000  ualu/Madd_S_Madd_cy<19> (ualu/Madd_S_Madd_cy<19>)
     MUXCY:CI->O           1   0.023   0.000  ualu/Madd_S_Madd_cy<20> (ualu/Madd_S_Madd_cy<20>)
     MUXCY:CI->O           1   0.023   0.000  ualu/Madd_S_Madd_cy<21> (ualu/Madd_S_Madd_cy<21>)
     MUXCY:CI->O           1   0.023   0.000  ualu/Madd_S_Madd_cy<22> (ualu/Madd_S_Madd_cy<22>)
     MUXCY:CI->O           1   0.023   0.000  ualu/Madd_S_Madd_cy<23> (ualu/Madd_S_Madd_cy<23>)
     MUXCY:CI->O           1   0.023   0.000  ualu/Madd_S_Madd_cy<24> (ualu/Madd_S_Madd_cy<24>)
     MUXCY:CI->O           1   0.023   0.000  ualu/Madd_S_Madd_cy<25> (ualu/Madd_S_Madd_cy<25>)
     MUXCY:CI->O           1   0.023   0.000  ualu/Madd_S_Madd_cy<26> (ualu/Madd_S_Madd_cy<26>)
     MUXCY:CI->O           1   0.023   0.000  ualu/Madd_S_Madd_cy<27> (ualu/Madd_S_Madd_cy<27>)
     MUXCY:CI->O           1   0.023   0.000  ualu/Madd_S_Madd_cy<28> (ualu/Madd_S_Madd_cy<28>)
     XORCY:CI->O           1   0.370   0.295  ualu/Madd_S_Madd_xor<29> (ualu/S<29>)
     LUT6:I5->O            2   0.097   0.383  ualu/Mmux_result221 (ALUResult<29>)
     LUT5:I3->O            1   0.097   0.511  PCSrc2 (PCSrc2)
     LUT6:I3->O           32   0.097   0.402  PCSrc9 (PCSrc)
     LUT5:I4->O            1   0.097   0.000  Mmux_PC_next291 (PC_next<6>)
     FDC:D                     0.008          PC_6
    ----------------------------------------
    Total                      5.828ns (2.601ns logic, 3.227ns route)
                                       (44.6% logic, 55.4% route)

=========================================================================
Timing constraint: Default OFFSET IN BEFORE for Clock 'clk'
  Total number of paths / destination ports: 33 / 33
-------------------------------------------------------------------------
Offset:              0.736ns (Levels of Logic = 1)
  Source:            reset (PAD)
  Destination:       PC_0 (FF)
  Destination Clock: clk rising

  Data Path: reset to PC_0
                                Gate     Net
    Cell:in->out      fanout   Delay   Delay  Logical Name (Net Name)
    ----------------------------------------  ------------
     IBUF:I->O            33   0.001   0.386  reset_IBUF (reset_IBUF)
     FDC:CLR                   0.349          PC_0
    ----------------------------------------
    Total                      0.736ns (0.350ns logic, 0.386ns route)
                                       (47.5% logic, 52.5% route)

=========================================================================
Timing constraint: Default OFFSET OUT AFTER for Clock 'clk'
  Total number of paths / destination ports: 326465 / 160
-------------------------------------------------------------------------
Offset:              5.457ns (Levels of Logic = 39)
  Source:            PC_4_1 (FF)
  Destination:       alu_result_out<31> (PAD)
  Source Clock:      clk rising

  Data Path: PC_4_1 to alu_result_out<31>
                                Gate     Net
    Cell:in->out      fanout   Delay   Delay  Logical Name (Net Name)
    ----------------------------------------  ------------
     FDC:C->Q              3   0.361   0.693  PC_4_1 (PC_4_1)
     LUT5:I0->O           19   0.097   0.363  instruction_memory/Mram_rd211 (instr_out_21_OBUF)
     RAM32M:ADDRA0->DOA0    2   0.299   0.299  register_file/Mram_gp_reg1 (register_file/a1[4]_read_port_1_OUT<0>)
     LUT6:I5->O            1   0.097   0.279  register_file/Mmux_rd111 (SrcA<0>)
     MUXCY:DI->O           1   0.337   0.000  ualu/Madd_S_Madd_cy<0> (ualu/Madd_S_Madd_cy<0>)
     MUXCY:CI->O           1   0.023   0.000  ualu/Madd_S_Madd_cy<1> (ualu/Madd_S_Madd_cy<1>)
     MUXCY:CI->O           1   0.023   0.000  ualu/Madd_S_Madd_cy<2> (ualu/Madd_S_Madd_cy<2>)
     MUXCY:CI->O           1   0.023   0.000  ualu/Madd_S_Madd_cy<3> (ualu/Madd_S_Madd_cy<3>)
     MUXCY:CI->O           1   0.023   0.000  ualu/Madd_S_Madd_cy<4> (ualu/Madd_S_Madd_cy<4>)
     MUXCY:CI->O           1   0.023   0.000  ualu/Madd_S_Madd_cy<5> (ualu/Madd_S_Madd_cy<5>)
     MUXCY:CI->O           1   0.023   0.000  ualu/Madd_S_Madd_cy<6> (ualu/Madd_S_Madd_cy<6>)
     MUXCY:CI->O           1   0.023   0.000  ualu/Madd_S_Madd_cy<7> (ualu/Madd_S_Madd_cy<7>)
     MUXCY:CI->O           1   0.023   0.000  ualu/Madd_S_Madd_cy<8> (ualu/Madd_S_Madd_cy<8>)
     MUXCY:CI->O           1   0.023   0.000  ualu/Madd_S_Madd_cy<9> (ualu/Madd_S_Madd_cy<9>)
     MUXCY:CI->O           1   0.023   0.000  ualu/Madd_S_Madd_cy<10> (ualu/Madd_S_Madd_cy<10>)
     MUXCY:CI->O           1   0.023   0.000  ualu/Madd_S_Madd_cy<11> (ualu/Madd_S_Madd_cy<11>)
     MUXCY:CI->O           1   0.023   0.000  ualu/Madd_S_Madd_cy<12> (ualu/Madd_S_Madd_cy<12>)
     MUXCY:CI->O           1   0.023   0.000  ualu/Madd_S_Madd_cy<13> (ualu/Madd_S_Madd_cy<13>)
     MUXCY:CI->O           1   0.023   0.000  ualu/Madd_S_Madd_cy<14> (ualu/Madd_S_Madd_cy<14>)
     MUXCY:CI->O           1   0.023   0.000  ualu/Madd_S_Madd_cy<15> (ualu/Madd_S_Madd_cy<15>)
     MUXCY:CI->O           1   0.023   0.000  ualu/Madd_S_Madd_cy<16> (ualu/Madd_S_Madd_cy<16>)
     MUXCY:CI->O           1   0.023   0.000  ualu/Madd_S_Madd_cy<17> (ualu/Madd_S_Madd_cy<17>)
     MUXCY:CI->O           1   0.023   0.000  ualu/Madd_S_Madd_cy<18> (ualu/Madd_S_Madd_cy<18>)
     MUXCY:CI->O           1   0.023   0.000  ualu/Madd_S_Madd_cy<19> (ualu/Madd_S_Madd_cy<19>)
     MUXCY:CI->O           1   0.023   0.000  ualu/Madd_S_Madd_cy<20> (ualu/Madd_S_Madd_cy<20>)
     MUXCY:CI->O           1   0.023   0.000  ualu/Madd_S_Madd_cy<21> (ualu/Madd_S_Madd_cy<21>)
     MUXCY:CI->O           1   0.023   0.000  ualu/Madd_S_Madd_cy<22> (ualu/Madd_S_Madd_cy<22>)
     MUXCY:CI->O           1   0.023   0.000  ualu/Madd_S_Madd_cy<23> (ualu/Madd_S_Madd_cy<23>)
     MUXCY:CI->O           1   0.023   0.000  ualu/Madd_S_Madd_cy<24> (ualu/Madd_S_Madd_cy<24>)
     MUXCY:CI->O           1   0.023   0.000  ualu/Madd_S_Madd_cy<25> (ualu/Madd_S_Madd_cy<25>)
     MUXCY:CI->O           1   0.023   0.000  ualu/Madd_S_Madd_cy<26> (ualu/Madd_S_Madd_cy<26>)
     MUXCY:CI->O           1   0.023   0.000  ualu/Madd_S_Madd_cy<27> (ualu/Madd_S_Madd_cy<27>)
     MUXCY:CI->O           1   0.023   0.000  ualu/Madd_S_Madd_cy<28> (ualu/Madd_S_Madd_cy<28>)
     MUXCY:CI->O           1   0.023   0.000  ualu/Madd_S_Madd_cy<29> (ualu/Madd_S_Madd_cy<29>)
     MUXCY:CI->O           0   0.023   0.000  ualu/Madd_S_Madd_cy<30> (ualu/Madd_S_Madd_cy<30>)
     XORCY:CI->O           3   0.370   0.305  ualu/Madd_S_Madd_xor<31> (ualu/S<31>)
     LUT6:I5->O           34   0.097   0.386  ualu/Mmux_result110 (ALUResult<0>)
     RAM32X1S:A0->O        1   0.097   0.295  data_memory/Mram_gp_reg1 (ReadData<0>)
     LUT6:I5->O            4   0.097   0.293  Mmux_alu_result_out11 (result_out_0_OBUF)
     OBUF:I->O                 0.000          alu_result_out_0_OBUF (alu_result_out<0>)
    ----------------------------------------
    Total                      5.457ns (2.542ns logic, 2.915ns route)
                                       (46.6% logic, 53.4% route)

=========================================================================

Cross Clock Domains Report:
--------------------------

Clock to Setup on destination clock clk
---------------+---------+---------+---------+---------+
               | Src:Rise| Src:Fall| Src:Rise| Src:Fall|
Source Clock   |Dest:Rise|Dest:Rise|Dest:Fall|Dest:Fall|
---------------+---------+---------+---------+---------+
clk            |    5.828|         |         |         |
---------------+---------+---------+---------+---------+

=========================================================================


Total REAL time to Xst completion: 21.00 secs
Total CPU time to Xst completion: 20.72 secs
 
--> 

Total memory usage is 246676 kilobytes

Number of errors   :    0 (   0 filtered)
Number of warnings :    2 (   0 filtered)
Number of infos    :    4 (   0 filtered)

