Running: C:\Xilinx\14.7\ISE_DS\ISE\bin\nt\unwrapped\fuse.exe -intstyle ise -incremental -lib secureip -o Z:/ise/MulticycleProcessor/MulticycleProcessor_tb_isim_beh.exe -prj Z:/ise/MulticycleProcessor/MulticycleProcessor_tb_beh.prj work.MulticycleProcessor_tb 
ISim P.20131013 (signature 0x8ef4fb42)
Number of CPUs detected in this system: 1
Turning on mult-threading, number of parallel sub-compilation jobs: 0 
Determining compilation order of HDL files
Parsing VHDL file "Z:/ise/MulticycleProcessor/MainDecoder.vhd" into library work
Parsing VHDL file "Z:/ise/MulticycleProcessor/ALUDecoder.vhd" into library work
Parsing VHDL file "Z:/ise/MulticycleProcessor/RegisterFile.vhd" into library work
Parsing VHDL file "Z:/ise/MulticycleProcessor/InstrDataMemory.vhd" into library work
Parsing VHDL file "Z:/ise/MulticycleProcessor/ControlUnit.vhd" into library work
Parsing VHDL file "Z:/ise/MulticycleProcessor/ALU.vhd" into library work
Parsing VHDL file "Z:/ise/MulticycleProcessor/MulticycleProcessor.vhd" into library work
Parsing VHDL file "Z:/ise/MulticycleProcessor/MulticycleProcessor_tb.vhd" into library work
Starting static elaboration
Completed static elaboration
Fuse Memory Usage: 119392 KB
Fuse CPU Usage: 330 ms
Compiling package standard
Compiling package std_logic_1164
Compiling package std_logic_arith
Compiling package std_logic_unsigned
Compiling package numeric_std
Compiling architecture behavioral of entity RegisterFile [registerfile_default]
Compiling architecture behavioral of entity InstrDataMemory [instrdatamemory_default]
Compiling architecture behavioral of entity MainDecoder [maindecoder_default]
Compiling architecture behavioral of entity ALUDecoder [aludecoder_default]
Compiling architecture behavioral of entity ControlUnit [controlunit_default]
Compiling architecture behavioral of entity ALU [alu_default]
Compiling architecture behavioral of entity MulticycleProcessor [multicycleprocessor_default]
Compiling architecture behavior of entity multicycleprocessor_tb
Time Resolution for simulation is 1ps.
Compiled 20 VHDL Units
Built simulation executable Z:/ise/MulticycleProcessor/MulticycleProcessor_tb_isim_beh.exe
Fuse Memory Usage: 138256 KB
Fuse CPU Usage: 520 ms
